<?xml version="1.0" encoding="UTF-8"?>
<!-- Generated by org.testng.reporters.JUnitXMLReporter -->
<testsuite ignored="1" hostname="LAPTOP-F42TVO3M" failures="0" tests="1" name="Default test" time="0.279" errors="0" timestamp="2022-07-12T15:59:06 IST">
  <testcase classname="dataProvider.dataProvider.Stream" name="stramMap" time="0.036"/>
  <testcase classname="dataProvider.dataProvider.Stream" name="streamExec" time="0.0">
    <ignored/>
  </testcase> <!-- streamExec -->
</testsuite> <!-- Default test -->
