<?xml version="1.0" encoding="UTF-8"?>
<testng-results ignored="1" total="2" passed="1" failed="0" skipped="0">
  <reporter-output>
  </reporter-output>
  <suite started-at="2022-07-12T15:59:05 IST" name="Default suite" finished-at="2022-07-12T15:59:06 IST" duration-ms="279">
    <groups>
    </groups>
    <test started-at="2022-07-12T15:59:05 IST" name="Default test" finished-at="2022-07-12T15:59:06 IST" duration-ms="279">
      <class name="dataProvider.dataProvider.Stream">
        <test-method signature="stramMap()[pri:0, instance:dataProvider.dataProvider.Stream@5d0a1059]" started-at="2022-07-12T15:59:05 IST" name="stramMap" finished-at="2022-07-12T15:59:06 IST" duration-ms="36" status="PASS">
          <reporter-output>
          </reporter-output>
        </test-method> <!-- stramMap -->
      </class> <!-- dataProvider.dataProvider.Stream -->
    </test> <!-- Default test -->
  </suite> <!-- Default suite -->
</testng-results>
